Determining if the pthread_create exist failed with the following output:
Change Dir: /home/autumn/CS 5721/Lab 1/OpenGL_Lab1-master/build/CMakeFiles/CMakeTmp

Run Build Command:"/usr/bin/make" "cmTC_b0b56/fast"
/usr/bin/make -f CMakeFiles/cmTC_b0b56.dir/build.make CMakeFiles/cmTC_b0b56.dir/build
make[1]: Entering directory '/home/autumn/CS 5721/Lab 1/OpenGL_Lab1-master/build/CMakeFiles/CMakeTmp'
Building C object CMakeFiles/cmTC_b0b56.dir/CheckSymbolExists.c.o
/usr/bin/cc     -o CMakeFiles/cmTC_b0b56.dir/CheckSymbolExists.c.o   -c "/home/autumn/CS 5721/Lab 1/OpenGL_Lab1-master/build/CMakeFiles/CMakeTmp/CheckSymbolExists.c"
Linking C executable cmTC_b0b56
/usr/bin/cmake -E cmake_link_script CMakeFiles/cmTC_b0b56.dir/link.txt --verbose=1
/usr/bin/cc       CMakeFiles/cmTC_b0b56.dir/CheckSymbolExists.c.o  -o cmTC_b0b56 -rdynamic 
CMakeFiles/cmTC_b0b56.dir/CheckSymbolExists.c.o: In function `main':
CheckSymbolExists.c:(.text+0x16): undefined reference to `pthread_create'
collect2: error: ld returned 1 exit status
CMakeFiles/cmTC_b0b56.dir/build.make:97: recipe for target 'cmTC_b0b56' failed
make[1]: *** [cmTC_b0b56] Error 1
make[1]: Leaving directory '/home/autumn/CS 5721/Lab 1/OpenGL_Lab1-master/build/CMakeFiles/CMakeTmp'
Makefile:126: recipe for target 'cmTC_b0b56/fast' failed
make: *** [cmTC_b0b56/fast] Error 2

File /home/autumn/CS 5721/Lab 1/OpenGL_Lab1-master/build/CMakeFiles/CMakeTmp/CheckSymbolExists.c:
/* */
#include <pthread.h>

int main(int argc, char** argv)
{
  (void)argv;
#ifndef pthread_create
  return ((int*)(&pthread_create))[argc];
#else
  (void)argc;
  return 0;
#endif
}

Determining if the function pthread_create exists in the pthreads failed with the following output:
Change Dir: /home/autumn/CS 5721/Lab 1/OpenGL_Lab1-master/build/CMakeFiles/CMakeTmp

Run Build Command:"/usr/bin/make" "cmTC_1ccda/fast"
/usr/bin/make -f CMakeFiles/cmTC_1ccda.dir/build.make CMakeFiles/cmTC_1ccda.dir/build
make[1]: Entering directory '/home/autumn/CS 5721/Lab 1/OpenGL_Lab1-master/build/CMakeFiles/CMakeTmp'
Building C object CMakeFiles/cmTC_1ccda.dir/CheckFunctionExists.c.o
/usr/bin/cc    -DCHECK_FUNCTION_EXISTS=pthread_create   -o CMakeFiles/cmTC_1ccda.dir/CheckFunctionExists.c.o   -c /usr/share/cmake-3.5/Modules/CheckFunctionExists.c
Linking C executable cmTC_1ccda
/usr/bin/cmake -E cmake_link_script CMakeFiles/cmTC_1ccda.dir/link.txt --verbose=1
/usr/bin/cc   -DCHECK_FUNCTION_EXISTS=pthread_create    CMakeFiles/cmTC_1ccda.dir/CheckFunctionExists.c.o  -o cmTC_1ccda -rdynamic -lpthreads 
/usr/bin/ld: cannot find -lpthreads
collect2: error: ld returned 1 exit status
CMakeFiles/cmTC_1ccda.dir/build.make:97: recipe for target 'cmTC_1ccda' failed
make[1]: *** [cmTC_1ccda] Error 1
make[1]: Leaving directory '/home/autumn/CS 5721/Lab 1/OpenGL_Lab1-master/build/CMakeFiles/CMakeTmp'
Makefile:126: recipe for target 'cmTC_1ccda/fast' failed
make: *** [cmTC_1ccda/fast] Error 2


