Determining if the pthread_create exist failed with the following output:
Change Dir: /home/autumn/CS 5721/OpenGL_Lab2-master/glfw-3.2.1/build/CMakeFiles/CMakeTmp

Run Build Command:"/usr/bin/make" "cmTC_1d36f/fast"
/usr/bin/make -f CMakeFiles/cmTC_1d36f.dir/build.make CMakeFiles/cmTC_1d36f.dir/build
make[1]: Entering directory '/home/autumn/CS 5721/OpenGL_Lab2-master/glfw-3.2.1/build/CMakeFiles/CMakeTmp'
Building C object CMakeFiles/cmTC_1d36f.dir/CheckSymbolExists.c.o
/usr/bin/cc     -o CMakeFiles/cmTC_1d36f.dir/CheckSymbolExists.c.o   -c "/home/autumn/CS 5721/OpenGL_Lab2-master/glfw-3.2.1/build/CMakeFiles/CMakeTmp/CheckSymbolExists.c"
Linking C executable cmTC_1d36f
/usr/bin/cmake -E cmake_link_script CMakeFiles/cmTC_1d36f.dir/link.txt --verbose=1
/usr/bin/cc       CMakeFiles/cmTC_1d36f.dir/CheckSymbolExists.c.o  -o cmTC_1d36f -rdynamic 
CMakeFiles/cmTC_1d36f.dir/CheckSymbolExists.c.o: In function `main':
CheckSymbolExists.c:(.text+0x16): undefined reference to `pthread_create'
collect2: error: ld returned 1 exit status
CMakeFiles/cmTC_1d36f.dir/build.make:97: recipe for target 'cmTC_1d36f' failed
make[1]: *** [cmTC_1d36f] Error 1
make[1]: Leaving directory '/home/autumn/CS 5721/OpenGL_Lab2-master/glfw-3.2.1/build/CMakeFiles/CMakeTmp'
Makefile:126: recipe for target 'cmTC_1d36f/fast' failed
make: *** [cmTC_1d36f/fast] Error 2

File /home/autumn/CS 5721/OpenGL_Lab2-master/glfw-3.2.1/build/CMakeFiles/CMakeTmp/CheckSymbolExists.c:
/* */
#include <pthread.h>

int main(int argc, char** argv)
{
  (void)argv;
#ifndef pthread_create
  return ((int*)(&pthread_create))[argc];
#else
  (void)argc;
  return 0;
#endif
}

Determining if the function pthread_create exists in the pthreads failed with the following output:
Change Dir: /home/autumn/CS 5721/OpenGL_Lab2-master/glfw-3.2.1/build/CMakeFiles/CMakeTmp

Run Build Command:"/usr/bin/make" "cmTC_16dd2/fast"
/usr/bin/make -f CMakeFiles/cmTC_16dd2.dir/build.make CMakeFiles/cmTC_16dd2.dir/build
make[1]: Entering directory '/home/autumn/CS 5721/OpenGL_Lab2-master/glfw-3.2.1/build/CMakeFiles/CMakeTmp'
Building C object CMakeFiles/cmTC_16dd2.dir/CheckFunctionExists.c.o
/usr/bin/cc    -DCHECK_FUNCTION_EXISTS=pthread_create   -o CMakeFiles/cmTC_16dd2.dir/CheckFunctionExists.c.o   -c /usr/share/cmake-3.5/Modules/CheckFunctionExists.c
Linking C executable cmTC_16dd2
/usr/bin/cmake -E cmake_link_script CMakeFiles/cmTC_16dd2.dir/link.txt --verbose=1
/usr/bin/cc   -DCHECK_FUNCTION_EXISTS=pthread_create    CMakeFiles/cmTC_16dd2.dir/CheckFunctionExists.c.o  -o cmTC_16dd2 -rdynamic -lpthreads 
/usr/bin/ld: cannot find -lpthreads
collect2: error: ld returned 1 exit status
CMakeFiles/cmTC_16dd2.dir/build.make:97: recipe for target 'cmTC_16dd2' failed
make[1]: *** [cmTC_16dd2] Error 1
make[1]: Leaving directory '/home/autumn/CS 5721/OpenGL_Lab2-master/glfw-3.2.1/build/CMakeFiles/CMakeTmp'
Makefile:126: recipe for target 'cmTC_16dd2/fast' failed
make: *** [cmTC_16dd2/fast] Error 2


